c:\users\mfami\source\repos\arcanehelth\arcanehelth\x64\debug\vc143.pdb
c:\users\mfami\source\repos\arcanehelth\arcanehelth\x64\debug\.netframework,version=v4.7.2.assemblyattributes.obj
c:\users\mfami\source\repos\arcanehelth\arcanehelth\x64\debug\menu.obj
c:\users\mfami\source\repos\arcanehelth\arcanehelth\x64\debug\halaman_utama1.obj
c:\users\mfami\source\repos\arcanehelth\arcanehelth\x64\debug\biodata1.obj
c:\users\mfami\source\repos\arcanehelth\arcanehelth\x64\debug\menu_utama.obj
c:\users\mfami\source\repos\arcanehelth\arcanehelth\x64\debug\login.obj
c:\users\mfami\source\repos\arcanehelth\arcanehelth\x64\debug\halaman_obat.obj
c:\users\mfami\source\repos\arcanehelth\x64\debug\arcanehelth.exe
c:\users\mfami\source\repos\arcanehelth\arcanehelth\x64\debug\arcanehelth.vcxproj.assemblyreference.cache
c:\users\mfami\source\repos\arcanehelth\arcanehelth\x64\debug\arcanehelth.vcxproj.generateresource.cache
c:\users\mfami\source\repos\arcanehelth\arcanehelth\x64\debug\arcanehelth.vcxproj.suggestedbindingredirects.cache
c:\users\mfami\source\repos\arcanehelth\arcanehelth\x64\debug\myform.obj
c:\users\mfami\source\repos\arcanehelth\arcanehelth\x64\debug\arcanehelth.biodata1.resources
c:\users\mfami\source\repos\arcanehelth\arcanehelth\x64\debug\arcanehelth.halaman_obat.resources
c:\users\mfami\source\repos\arcanehelth\arcanehelth\x64\debug\arcanehelth.login.resources
c:\users\mfami\source\repos\arcanehelth\arcanehelth\x64\debug\arcanehelth.menu_utama.resources
c:\users\mfami\source\repos\arcanehelth\x64\debug\arcanehelth.pdb
c:\users\mfami\source\repos\arcanehelth\arcanehelth\x64\debug\arcanehelth.tlog\cl.command.1.tlog
c:\users\mfami\source\repos\arcanehelth\arcanehelth\x64\debug\arcanehelth.tlog\cl.read.1.tlog
c:\users\mfami\source\repos\arcanehelth\arcanehelth\x64\debug\arcanehelth.tlog\cl.write.1.tlog
c:\users\mfami\source\repos\arcanehelth\arcanehelth\x64\debug\arcanehelth.tlog\link.10292-cvtres.read.1.tlog
c:\users\mfami\source\repos\arcanehelth\arcanehelth\x64\debug\arcanehelth.tlog\link.10292-cvtres.write.1.tlog
c:\users\mfami\source\repos\arcanehelth\arcanehelth\x64\debug\arcanehelth.tlog\link.10292-rc.read.1.tlog
c:\users\mfami\source\repos\arcanehelth\arcanehelth\x64\debug\arcanehelth.tlog\link.10292-rc.write.1.tlog
c:\users\mfami\source\repos\arcanehelth\arcanehelth\x64\debug\arcanehelth.tlog\link.10292.read.1.tlog
c:\users\mfami\source\repos\arcanehelth\arcanehelth\x64\debug\arcanehelth.tlog\link.10292.read.2.tlog
c:\users\mfami\source\repos\arcanehelth\arcanehelth\x64\debug\arcanehelth.tlog\link.10292.write.1.tlog
c:\users\mfami\source\repos\arcanehelth\arcanehelth\x64\debug\arcanehelth.tlog\link.19312-cvtres.read.1.tlog
c:\users\mfami\source\repos\arcanehelth\arcanehelth\x64\debug\arcanehelth.tlog\link.19312-cvtres.write.1.tlog
c:\users\mfami\source\repos\arcanehelth\arcanehelth\x64\debug\arcanehelth.tlog\link.19312-rc.read.1.tlog
c:\users\mfami\source\repos\arcanehelth\arcanehelth\x64\debug\arcanehelth.tlog\link.19312-rc.write.1.tlog
c:\users\mfami\source\repos\arcanehelth\arcanehelth\x64\debug\arcanehelth.tlog\link.19312.read.1.tlog
c:\users\mfami\source\repos\arcanehelth\arcanehelth\x64\debug\arcanehelth.tlog\link.19312.read.2.tlog
c:\users\mfami\source\repos\arcanehelth\arcanehelth\x64\debug\arcanehelth.tlog\link.19312.write.1.tlog
c:\users\mfami\source\repos\arcanehelth\arcanehelth\x64\debug\arcanehelth.tlog\link.command.1.tlog
c:\users\mfami\source\repos\arcanehelth\arcanehelth\x64\debug\arcanehelth.tlog\link.read.1.tlog
c:\users\mfami\source\repos\arcanehelth\arcanehelth\x64\debug\arcanehelth.tlog\link.read.2.tlog
c:\users\mfami\source\repos\arcanehelth\arcanehelth\x64\debug\arcanehelth.tlog\link.write.1.tlog
c:\users\mfami\source\repos\arcanehelth\arcanehelth\x64\debug\arcanehelth.tlog\metagen.read.1.tlog
c:\users\mfami\source\repos\arcanehelth\arcanehelth\x64\debug\arcanehelth.tlog\metagen.write.1.tlog
c:\users\mfami\source\repos\arcanehelth\arcanehelth\x64\debug\arcanehelth.tlog\resgen.command.1.tlog
c:\users\mfami\source\repos\arcanehelth\arcanehelth\x64\debug\arcanehelth.tlog\resgen.read.1.tlog
c:\users\mfami\source\repos\arcanehelth\arcanehelth\x64\debug\arcanehelth.tlog\resgen.write.1.tlog
